<?xml version="1.0" encoding="UTF-8"?>
<robot generator="Robot 6.0.2 (Python 3.11.2 on win32)" generated="20230324 16:50:58.186" rpa="false" schemaversion="3">
<suite id="s1" name="Ryanair Test" source="c:\Users\Administrator\Documents\Programação\Ryanair\test\ryanair_test.robot">
<test id="s1-t1" name="Test Case 01 - Search a flight and login" line="8">
<kw name="Abrir o navegador" library="ryanair_resources" type="SETUP">
<kw name="Open Browser" library="SeleniumLibrary">
<arg>browser=chrome</arg>
<doc>Opens a new browser instance to the optional ``url``.</doc>
<msg timestamp="20230324 16:50:58.509" level="INFO">Opening browser 'chrome' to base url 'None'.</msg>
<status status="PASS" starttime="20230324 16:50:58.509" endtime="20230324 16:50:59.822"/>
</kw>
<kw name="Maximize Browser Window" library="SeleniumLibrary">
<doc>Maximizes current browser window.</doc>
<status status="PASS" starttime="20230324 16:50:59.822" endtime="20230324 16:50:59.940"/>
</kw>
<status status="PASS" starttime="20230324 16:50:58.508" endtime="20230324 16:50:59.941"/>
</kw>
<kw name="Given the user can login on google" library="ryanair_resources">
<kw name="Go To" library="SeleniumLibrary">
<arg>url=${URL_GOOGLE}</arg>
<doc>Navigates the current browser window to the provided ``url``.</doc>
<msg timestamp="20230324 16:50:59.943" level="INFO">Opening url 'https://www.google.com'</msg>
<status status="PASS" starttime="20230324 16:50:59.942" endtime="20230324 16:51:00.990"/>
</kw>
<kw name="Click Element" library="SeleniumLibrary">
<arg>locator=${GOOGLE_LOGIN_BUTTON}</arg>
<doc>Click the element identified by ``locator``.</doc>
<msg timestamp="20230324 16:51:00.992" level="INFO">Clicking element '//html/body/div[1]/div[1]/div/div/div/div[2]/a'.</msg>
<status status="PASS" starttime="20230324 16:51:00.990" endtime="20230324 16:51:01.775"/>
</kw>
<kw name="Wait Until Element Is Visible" library="SeleniumLibrary">
<arg>locator=${EMAIL_GOOGLE}</arg>
<doc>Waits until the element ``locator`` is visible.</doc>
<status status="PASS" starttime="20230324 16:51:01.776" endtime="20230324 16:51:01.924"/>
</kw>
<kw name="Click Element" library="SeleniumLibrary">
<arg>locator=${EMAIL_GOOGLE}</arg>
<doc>Click the element identified by ``locator``.</doc>
<msg timestamp="20230324 16:51:01.926" level="INFO">Clicking element '//input[contains(@type,'email')]'.</msg>
<status status="PASS" starttime="20230324 16:51:01.925" endtime="20230324 16:51:02.048"/>
</kw>
<kw name="Input Text" library="SeleniumLibrary">
<arg>locator=${EMAIL_GOOGLE}</arg>
<arg>text=reynairtest@gmail.com</arg>
<doc>Types the given ``text`` into the text field identified by ``locator``.</doc>
<msg timestamp="20230324 16:51:02.049" level="INFO">Typing text 'reynairtest@gmail.com' into text field '//input[contains(@type,'email')]'.</msg>
<status status="PASS" starttime="20230324 16:51:02.048" endtime="20230324 16:51:02.290"/>
</kw>
<kw name="Click Element" library="SeleniumLibrary">
<arg>locator=//span[@jsname='V67aGc'][contains(.,'Avançar')]</arg>
<doc>Click the element identified by ``locator``.</doc>
<msg timestamp="20230324 16:51:02.291" level="INFO">Clicking element '//span[@jsname='V67aGc'][contains(.,'Avançar')]'.</msg>
<status status="PASS" starttime="20230324 16:51:02.290" endtime="20230324 16:51:02.615"/>
</kw>
<kw name="Wait Until Element Is Visible" library="SeleniumLibrary">
<arg>locator=${PASSWORD_GOOGLE}</arg>
<doc>Waits until the element ``locator`` is visible.</doc>
<msg timestamp="20230324 16:51:07.928" level="INFO" html="true">&lt;/td&gt;&lt;/tr&gt;&lt;tr&gt;&lt;td colspan="3"&gt;&lt;a href="selenium-screenshot-2.png"&gt;&lt;img src="selenium-screenshot-2.png" width="800px"&gt;&lt;/a&gt;</msg>
<msg timestamp="20230324 16:51:07.928" level="FAIL">Element '//input[contains(@type,'password')]' not visible after 5 seconds.</msg>
<status status="FAIL" starttime="20230324 16:51:02.615" endtime="20230324 16:51:07.933"/>
</kw>
<kw name="Click Element" library="SeleniumLibrary">
<arg>locator=${PASSWORD_GOOGLE}</arg>
<doc>Click the element identified by ``locator``.</doc>
<status status="NOT RUN" starttime="20230324 16:51:07.933" endtime="20230324 16:51:07.934"/>
</kw>
<kw name="Input Text" library="SeleniumLibrary">
<arg>locator=${PASSWORD_GOOGLE}</arg>
<arg>text=reynairtest123</arg>
<doc>Types the given ``text`` into the text field identified by ``locator``.</doc>
<status status="NOT RUN" starttime="20230324 16:51:07.934" endtime="20230324 16:51:07.934"/>
</kw>
<kw name="Click Element" library="SeleniumLibrary">
<arg>locator=//span[@jsname='V67aGc'][contains(.,'Avançar')]</arg>
<doc>Click the element identified by ``locator``.</doc>
<status status="NOT RUN" starttime="20230324 16:51:07.935" endtime="20230324 16:51:07.935"/>
</kw>
<status status="FAIL" starttime="20230324 16:50:59.942" endtime="20230324 16:51:07.935"/>
</kw>
<kw name="Given the user can Acess the ryanair homepage site" library="ryanair_resources">
<status status="NOT RUN" starttime="20230324 16:51:07.945" endtime="20230324 16:51:07.945"/>
</kw>
<kw name="Should the website loaded and see if the title is &quot;Official Ryanair website | Cheap flights from Ireland | Ryanair&quot;" library="ryanair_resources" sourcename="Should the website loaded and see if the title is &quot;${TITLE}&quot;">
<status status="NOT RUN" starttime="20230324 16:51:07.946" endtime="20230324 16:51:07.946"/>
</kw>
<kw name="Then user can login" library="ryanair_resources">
<status status="NOT RUN" starttime="20230324 16:51:07.947" endtime="20230324 16:51:07.947"/>
</kw>
<kw name="Should the user be loged in" library="ryanair_resources">
<status status="NOT RUN" starttime="20230324 16:51:07.948" endtime="20230324 16:51:07.948"/>
</kw>
<kw name="Then the user can select a destination" library="ryanair_resources">
<status status="NOT RUN" starttime="20230324 16:51:07.949" endtime="20230324 16:51:07.949"/>
</kw>
<kw name="Should the user can select a date" library="ryanair_resources">
<status status="NOT RUN" starttime="20230324 16:51:07.949" endtime="20230324 16:51:07.950"/>
</kw>
<kw name="Then select the quantity of passengers and search" library="ryanair_resources">
<status status="NOT RUN" starttime="20230324 16:51:07.950" endtime="20230324 16:51:07.950"/>
</kw>
<kw name="Given the user is on the flight page Should the user can select one flight" library="ryanair_resources">
<status status="NOT RUN" starttime="20230324 16:51:07.951" endtime="20230324 16:51:07.951"/>
</kw>
<kw name="Then the user can choose a fare" library="ryanair_resources">
<status status="NOT RUN" starttime="20230324 16:51:07.952" endtime="20230324 16:51:07.953"/>
</kw>
<kw name="And the user can put the names of passengers" library="ryanair_resources">
<status status="NOT RUN" starttime="20230324 16:51:07.953" endtime="20230324 16:51:07.953"/>
</kw>
<kw name="Should the user can select an family seating" library="ryanair_resources">
<status status="NOT RUN" starttime="20230324 16:51:07.954" endtime="20230324 16:51:07.954"/>
</kw>
<kw name="Then Then the user can select a type of bags" library="ryanair_resources">
<status status="NOT RUN" starttime="20230324 16:51:07.957" endtime="20230324 16:51:07.957"/>
</kw>
<kw name="And should select all flight extras" library="ryanair_resources">
<status status="NOT RUN" starttime="20230324 16:51:07.958" endtime="20230324 16:51:07.958"/>
</kw>
<kw name="Given the user selected all extras can plan a trip" library="ryanair_resources">
<status status="NOT RUN" starttime="20230324 16:51:07.959" endtime="20230324 16:51:07.959"/>
</kw>
<kw name="Should the user put the payment method" library="ryanair_resources">
<status status="NOT RUN" starttime="20230324 16:51:07.959" endtime="20230324 16:51:07.960"/>
</kw>
<kw name="Then the transaction has to not be completed" library="ryanair_resources">
<status status="NOT RUN" starttime="20230324 16:51:07.960" endtime="20230324 16:51:07.961"/>
</kw>
<kw name=" Fechar o navegador" library="ryanair_resources" type="TEARDOWN">
<kw name="Close Browser" library="SeleniumLibrary">
<doc>Closes the current browser.</doc>
<status status="PASS" starttime="20230324 16:51:07.962" endtime="20230324 16:51:10.197"/>
</kw>
<status status="PASS" starttime="20230324 16:51:07.962" endtime="20230324 16:51:10.197"/>
</kw>
<doc>This test verifies if the program does correctly login on the Ryanair
using the method login "facebook" and then search a flight with the following
options: "12/02/2022" "19/02/2022" "Athens"</doc>
<status status="FAIL" starttime="20230324 16:50:58.507" endtime="20230324 16:51:10.198">Element '//input[contains(@type,'password')]' not visible after 5 seconds.</status>
</test>
<doc>This suite tests a declined payment method on https://www.ryanair.com/ie/en</doc>
<status status="FAIL" starttime="20230324 16:50:58.193" endtime="20230324 16:51:10.250"/>
</suite>
<statistics>
<total>
<stat pass="0" fail="1" skip="0">All Tests</stat>
</total>
<tag>
</tag>
<suite>
<stat pass="0" fail="1" skip="0" id="s1" name="Ryanair Test">Ryanair Test</stat>
</suite>
</statistics>
<errors>
</errors>
</robot>
